C:\USERS\ADMIN\DOCUMENTS\VISUAL STUDIO 2012\PROJECTS\CONSOLEAPPLICATION1\CONSOLEAPPLICATION1\DEBUG\CONSOLEAPPLICATION1.PCH
C:\USERS\ADMIN\DOCUMENTS\VISUAL STUDIO 2012\PROJECTS\CONSOLEAPPLICATION1\CONSOLEAPPLICATION1\DEBUG\STDAFX.OBJ
C:\USERS\ADMIN\DOCUMENTS\VISUAL STUDIO 2012\PROJECTS\CONSOLEAPPLICATION1\CONSOLEAPPLICATION1\DEBUG\VC110.PDB
C:\USERS\ADMIN\DOCUMENTS\VISUAL STUDIO 2012\PROJECTS\CONSOLEAPPLICATION1\CONSOLEAPPLICATION1\DEBUG\MATRIX.OBJ
C:\USERS\ADMIN\DOCUMENTS\VISUAL STUDIO 2012\PROJECTS\CONSOLEAPPLICATION1\CONSOLEAPPLICATION1\DEBUG\CONSOLEAPPLICATION1.OBJ
C:\USERS\ADMIN\DOCUMENTS\VISUAL STUDIO 2012\PROJECTS\CONSOLEAPPLICATION1\CONSOLEAPPLICATION1\DEBUG\ASSEMBLYINFO.OBJ
C:\USERS\ADMIN\DOCUMENTS\VISUAL STUDIO 2012\PROJECTS\CONSOLEAPPLICATION1\CONSOLEAPPLICATION1\DEBUG\.NETFRAMEWORK,VERSION=V4.5.ASSEMBLYATTRIBUTES.OBJ
C:\USERS\ADMIN\DOCUMENTS\VISUAL STUDIO 2012\PROJECTS\CONSOLEAPPLICATION1\DEBUG\CONSOLEAPPLICATION1.ILK
C:\USERS\ADMIN\DOCUMENTS\VISUAL STUDIO 2012\PROJECTS\CONSOLEAPPLICATION1\DEBUG\CONSOLEAPPLICATION1.EXE
C:\USERS\ADMIN\DOCUMENTS\VISUAL STUDIO 2012\PROJECTS\CONSOLEAPPLICATION1\DEBUG\CONSOLEAPPLICATION1.PDB
C:\USERS\ADMIN\DOCUMENTS\VISUAL STUDIO 2012\PROJECTS\CONSOLEAPPLICATION1\CONSOLEAPPLICATION1\DEBUG\APP.RES
C:\Users\admin\documents\visual studio 2012\Projects\ConsoleApplication1\ConsoleApplication1\Debug\ConsoleApplication1.vcxprojResolveAssemblyReference.cache
C:\Users\admin\documents\visual studio 2012\Projects\ConsoleApplication1\ConsoleApplication1\Debug\.NETFramework,Version=v4.5.AssemblyAttributes.obj
C:\Users\admin\documents\visual studio 2012\Projects\ConsoleApplication1\ConsoleApplication1\Debug\AssemblyInfo.obj
C:\Users\admin\documents\visual studio 2012\Projects\ConsoleApplication1\ConsoleApplication1\Debug\ConsoleApplication1.obj
C:\Users\admin\documents\visual studio 2012\Projects\ConsoleApplication1\ConsoleApplication1\Debug\Matrix.obj
C:\Users\admin\documents\visual studio 2012\Projects\ConsoleApplication1\ConsoleApplication1\Debug\stdafx.obj
C:\Users\admin\documents\visual studio 2012\Projects\ConsoleApplication1\ConsoleApplication1\Debug\cl.command.1.tlog
C:\Users\admin\documents\visual studio 2012\Projects\ConsoleApplication1\ConsoleApplication1\Debug\CL.read.1.tlog
C:\Users\admin\documents\visual studio 2012\Projects\ConsoleApplication1\ConsoleApplication1\Debug\CL.write.1.tlog
C:\Users\admin\documents\visual studio 2012\Projects\ConsoleApplication1\ConsoleApplication1\Debug\link.2784-cvtres.read.1.tlog
C:\Users\admin\documents\visual studio 2012\Projects\ConsoleApplication1\ConsoleApplication1\Debug\link.2784-cvtres.write.1.tlog
C:\Users\admin\documents\visual studio 2012\Projects\ConsoleApplication1\ConsoleApplication1\Debug\link.2784-rc.read.1.tlog
C:\Users\admin\documents\visual studio 2012\Projects\ConsoleApplication1\ConsoleApplication1\Debug\link.2784-rc.write.1.tlog
C:\Users\admin\documents\visual studio 2012\Projects\ConsoleApplication1\ConsoleApplication1\Debug\link.2784.read.1.tlog
C:\Users\admin\documents\visual studio 2012\Projects\ConsoleApplication1\ConsoleApplication1\Debug\link.2784.write.1.tlog
C:\Users\admin\documents\visual studio 2012\Projects\ConsoleApplication1\ConsoleApplication1\Debug\link.command.1.tlog
C:\Users\admin\documents\visual studio 2012\Projects\ConsoleApplication1\ConsoleApplication1\Debug\link.read.1.tlog
C:\Users\admin\documents\visual studio 2012\Projects\ConsoleApplication1\ConsoleApplication1\Debug\link.write.1.tlog
C:\Users\admin\documents\visual studio 2012\Projects\ConsoleApplication1\ConsoleApplication1\Debug\metagen.read.1.tlog
C:\Users\admin\documents\visual studio 2012\Projects\ConsoleApplication1\ConsoleApplication1\Debug\metagen.write.1.tlog
C:\Users\admin\documents\visual studio 2012\Projects\ConsoleApplication1\ConsoleApplication1\Debug\rc.command.1.tlog
C:\Users\admin\documents\visual studio 2012\Projects\ConsoleApplication1\ConsoleApplication1\Debug\rc.read.1.tlog
C:\Users\admin\documents\visual studio 2012\Projects\ConsoleApplication1\ConsoleApplication1\Debug\rc.write.1.tlog
C:\Users\admin\documents\visual studio 2012\Projects\ConsoleApplication1\ConsoleApplication1\Debug\app.res
C:\Users\admin\documents\visual studio 2012\Projects\ConsoleApplication1\ConsoleApplication1\Debug\ConsoleApplication1.pch
C:\Users\admin\documents\visual studio 2012\Projects\ConsoleApplication1\ConsoleApplication1\Debug\vc110.pdb
C:\Users\admin\documents\visual studio 2012\Projects\ConsoleApplication1\ConsoleApplication1\Debug\OLEACCRC.DLL.bi
C:\Users\admin\documents\visual studio 2012\Projects\ConsoleApplication1\ConsoleApplication1\Debug\RSAENH.DLL.bi
C:\Users\admin\documents\visual studio 2012\Projects\ConsoleApplication1\ConsoleApplication1\Debug\TZRES.DLL.bi
C:\Users\admin\documents\visual studio 2012\Projects\ConsoleApplication1\Debug\ConsoleApplication1.pdb
C:\Users\admin\documents\visual studio 2012\Projects\ConsoleApplication1\Debug\ConsoleApplication1.exe
C:\Users\admin\documents\visual studio 2012\Projects\ConsoleApplication1\Debug\ConsoleApplication1.ilk
